<?xml version="1.0" encoding="UTF-8"?>
<!-- Generated by org.testng.reporters.JUnitReportReporter -->
<testsuite hostname="DESKTOP-LLJLODJ" failures="0" tests="4" name="api.test.UserTests" time="10.967" errors="0" timestamp="2025-01-31T23:06:31 IST" skipped="0">
  <testcase classname="api.test.UserTests" name="testPostUser" time="4.901"/>
  <system-out/>
  <testcase classname="api.test.UserTests" name="testGetUserByName" time="1.473"/>
  <system-out/>
  <testcase classname="api.test.UserTests" name="testUpdateUserByName" time="3.065"/>
  <system-out/>
  <testcase classname="api.test.UserTests" name="testDeleteUserByName" time="1.528"/>
  <system-out/>
</testsuite> <!-- api.test.UserTests -->
