<?xml version="1.0" encoding="UTF-8"?>
<!-- Generated by org.testng.reporters.JUnitReportReporter -->
<testsuite hostname="IN2410947W1" failures="0" tests="1" name="api.test.DataDrivenTests" time="0.011" errors="0" timestamp="2025-01-30T22:28:47 IST" skipped="0">
  <testcase classname="api.test.DataDrivenTests" name="hey" time="0.011"/>
  <system-out/>
</testsuite> <!-- api.test.DataDrivenTests -->
