<?xml version="1.0" encoding="UTF-8"?>
<!-- Generated by org.testng.reporters.JUnitReportReporter -->
<testsuite hostname="IN2410947W1" failures="0" tests="1" name="api.test.UserTests_PropertiesFile_FileInputStream" time="2.453" errors="0" timestamp="2025-01-31T00:31:54 IST" skipped="0">
  <testcase classname="api.test.UserTests_PropertiesFile_FileInputStream" name="testPostUser" time="2.453"/>
  <system-out/>
</testsuite> <!-- api.test.UserTests_PropertiesFile_FileInputStream -->
