<?xml version="1.0" encoding="UTF-8"?>
<!-- Generated by org.testng.reporters.JUnitReportReporter -->
<testsuite hostname="IN2410947W1" failures="0" tests="4" name="api.test.UserTests2" time="2.924" errors="0" timestamp="2025-01-31T00:26:40 IST" skipped="0">
  <testcase classname="api.test.UserTests2" name="testPostUser" time="1.723"/>
  <system-out/>
  <testcase classname="api.test.UserTests2" name="testGetUserByName" time="0.312"/>
  <system-out/>
  <testcase classname="api.test.UserTests2" name="testUpdateUserByName" time="0.597"/>
  <system-out/>
  <testcase classname="api.test.UserTests2" name="testDeleteUserByName" time="0.292"/>
  <system-out/>
</testsuite> <!-- api.test.UserTests2 -->
